<?xml version="1.0" encoding="UTF-8"?>
<!-- Generated by org.testng.reporters.JUnitXMLReporter -->
<testsuite ignored="0" hostname="LAPTOP-ELHI772V" failures="0" tests="4" name="PetTest" time="8.78" errors="0" timestamp="2025-02-24T10:50:50 IST">
  <testcase classname="api.test.UserTests2" name="testPostUser" time="2.603"/>
  <testcase classname="api.test.UserTests2" name="testGetUserByName" time="1.385"/>
  <testcase classname="api.test.UserTests2" name="testUpdateUserByName" time="2.622"/>
  <testcase classname="api.test.UserTests2" name="testDeleteUserByName" time="1.332"/>
</testsuite> <!-- PetTest -->
