<?xml version="1.0" encoding="UTF-8"?>
<!-- Generated by org.testng.reporters.JUnitXMLReporter -->
<testsuite ignored="0" hostname="LAPTOP-ELHI772V" failures="0" tests="6" name="Default test" time="10.357" errors="0" timestamp="2025-02-27T17:36:52 IST">
  <testcase classname="api.test.PetsTest" name="testPostPets" time="3.659"/>
  <testcase classname="api.test.PetsTest" name="testPostPetsUpload" time="1.336"/>
  <testcase classname="api.test.PetsTest" name="testputPets" time="1.157"/>
  <testcase classname="api.test.PetsTest" name="getpetstatus" time="1.249"/>
  <testcase classname="api.test.PetsTest" name="testGetpetByPetID" time="1.14"/>
  <testcase classname="api.test.PetsTest" name="deleteOrderById" time="1.201"/>
</testsuite> <!-- Default test -->
