<?xml version="1.0" encoding="UTF-8"?>
<testng-results ignored="0" total="4" passed="4" failed="0" skipped="0">
  <reporter-output>
  </reporter-output>
  <suite started-at="2025-02-24T11:46:19 IST" name="PetSuit" finished-at="2025-02-24T11:46:28 IST" duration-ms="9452">
    <groups>
    </groups>
    <test started-at="2025-02-24T11:46:19 IST" name="PetTest" finished-at="2025-02-24T11:46:28 IST" duration-ms="9452">
      <class name="api.test.UserTests2">
        <test-method is-config="true" signature="setup()[pri:0, instance:api.test.UserTests2@27ce24aa]" started-at="2025-02-24T11:46:19 IST" name="setup" finished-at="2025-02-24T11:46:20 IST" duration-ms="1006" status="PASS">
          <reporter-output>
          </reporter-output>
        </test-method> <!-- setup -->
        <test-method signature="testPostUser()[pri:1, instance:api.test.UserTests2@27ce24aa]" started-at="2025-02-24T11:46:20 IST" name="testPostUser" finished-at="2025-02-24T11:46:23 IST" duration-ms="3460" status="PASS">
          <reporter-output>
          </reporter-output>
        </test-method> <!-- testPostUser -->
        <test-method signature="testGetUserByName()[pri:2, instance:api.test.UserTests2@27ce24aa]" started-at="2025-02-24T11:46:23 IST" name="testGetUserByName" finished-at="2025-02-24T11:46:25 IST" duration-ms="1163" status="PASS">
          <reporter-output>
          </reporter-output>
        </test-method> <!-- testGetUserByName -->
        <test-method signature="testUpdateUserByName()[pri:3, instance:api.test.UserTests2@27ce24aa]" started-at="2025-02-24T11:46:25 IST" name="testUpdateUserByName" finished-at="2025-02-24T11:46:27 IST" duration-ms="2294" status="PASS">
          <reporter-output>
          </reporter-output>
        </test-method> <!-- testUpdateUserByName -->
        <test-method signature="testDeleteUserByName()[pri:4, instance:api.test.UserTests2@27ce24aa]" started-at="2025-02-24T11:46:27 IST" name="testDeleteUserByName" finished-at="2025-02-24T11:46:28 IST" duration-ms="1126" status="PASS">
          <reporter-output>
          </reporter-output>
        </test-method> <!-- testDeleteUserByName -->
      </class> <!-- api.test.UserTests2 -->
    </test> <!-- PetTest -->
  </suite> <!-- PetSuit -->
</testng-results>
