<?xml version="1.0" encoding="UTF-8"?>
<testsuite xmlns:xsi="http://www.w3.org/2001/XMLSchema-instance" xsi:noNamespaceSchemaLocation="https://maven.apache.org/surefire/maven-surefire-plugin/xsd/surefire-test-report-3.0.xsd" version="3.0" name="TestSuite" time="27.899" tests="14" errors="0" skipped="0" failures="0">
  <properties>
[...]
</properties>
  <testcase name="testPostUser" classname="api.test.UserTests2" time="3.625">
    <system-out><![CDATA[HTTP/1.1 200 OK
Date: Mon, 24 Mar 2025 09:34:34 GMT
Content-Type: application/json
Transfer-Encoding: chunked
Connection: keep-alive
Access-Control-Allow-Origin: *
Access-Control-Allow-Methods: GET, POST, DELETE, PUT
Access-Control-Allow-Headers: Content-Type, api_key, Authorization
Server: Jetty(9.2.9.v20150224)

{
    "code": 200,
    "type": "unknown",
    "message": "1122130699"
}
]]></system-out>
    <system-err><![CDATA[SLF4J: Failed to load class "org.slf4j.impl.StaticLoggerBinder".
SLF4J: Defaulting to no-operation (NOP) logger implementation
SLF4J: See http://www.slf4j.org/codes.html#StaticLoggerBinder for further details.
]]></system-err>
  </testcase>
  <testcase name="testGetUserByName" classname="api.test.UserTests2" time="1.817">
    <system-out><![CDATA[Get user by name:
HTTP/1.1 200 OK
Date: Mon, 24 Mar 2025 09:34:36 GMT
Content-Type: application/json
Transfer-Encoding: chunked
Connection: keep-alive
Access-Control-Allow-Origin: *
Access-Control-Allow-Methods: GET, POST, DELETE, PUT
Access-Control-Allow-Headers: Content-Type, api_key, Authorization
Server: Jetty(9.2.9.v20150224)

{
    "id": 1122130699,
    "username": "janine.auer",
    "firstName": "Ivelisse",
    "lastName": "Runolfsson",
    "email": "major.kertzmann@example.com",
    "password": "6trojx9x",
    "phone": "201.833.5673",
    "userStatus": 0
}
]]></system-out>
  </testcase>
  <testcase name="testUpdateUserByName" classname="api.test.UserTests2" time="2.812">
    <system-out><![CDATA[{
    "code": 200,
    "type": "unknown",
    "message": "1122130699"
}
]]></system-out>
  </testcase>
  <testcase name="testDeleteUserByName" classname="api.test.UserTests2" time="1.231"/>
  <testcase name="testGetUserByName" classname="api.test.StoreTest" time="1.64">
    <system-out><![CDATA[HTTP/1.1 200 OK
Date: Mon, 24 Mar 2025 09:34:42 GMT
Content-Type: application/json
Transfer-Encoding: chunked
Connection: keep-alive
Access-Control-Allow-Origin: *
Access-Control-Allow-Methods: GET, POST, DELETE, PUT
Access-Control-Allow-Headers: Content-Type, api_key, Authorization
Server: Jetty(9.2.9.v20150224)

{
    "sold": 4,
    "string": 222,
    "pending": 5,
    "available": 475
}
]]></system-out>
  </testcase>
  <testcase name="testPostUser" classname="api.test.StoreTest" time="1.316">
    <system-out><![CDATA[HTTP/1.1 200 OK
Date: Mon, 24 Mar 2025 09:34:43 GMT
Content-Type: application/json
Transfer-Encoding: chunked
Connection: keep-alive
Access-Control-Allow-Origin: *
Access-Control-Allow-Methods: GET, POST, DELETE, PUT
Access-Control-Allow-Headers: Content-Type, api_key, Authorization
Server: Jetty(9.2.9.v20150224)

{
    "id": 785927145,
    "petId": 67168065,
    "quantity": 67168065,
    "status": "placed",
    "complete": true
}
]]></system-out>
  </testcase>
  <testcase name="testGetUserByOrderID" classname="api.test.StoreTest" time="1.673">
    <system-out><![CDATA[printing order id ID: 785927145
HTTP/1.1 200 OK
Date: Mon, 24 Mar 2025 09:34:44 GMT
Content-Type: application/json
Transfer-Encoding: chunked
Connection: keep-alive
Access-Control-Allow-Origin: *
Access-Control-Allow-Methods: GET, POST, DELETE, PUT
Access-Control-Allow-Headers: Content-Type, api_key, Authorization
Server: Jetty(9.2.9.v20150224)

{
    "id": 785927145,
    "petId": 67168065,
    "quantity": 67168065,
    "status": "placed",
    "complete": true
}
]]></system-out>
  </testcase>
  <testcase name="deleteOrderById" classname="api.test.StoreTest" time="1.323">
    <system-out><![CDATA[printing order id ID-Delete: 785927145
HTTP/1.1 404 Not Found
Date: Mon, 24 Mar 2025 09:34:46 GMT
Content-Type: application/json
Transfer-Encoding: chunked
Connection: keep-alive
Access-Control-Allow-Origin: *
Access-Control-Allow-Methods: GET, POST, DELETE, PUT
Access-Control-Allow-Headers: Content-Type, api_key, Authorization
Server: Jetty(9.2.9.v20150224)

{
    "code": 404,
    "type": "unknown",
    "message": "Order Not Found"
}
]]></system-out>
  </testcase>
  <testcase name="testPostPets" classname="api.test.PetsTest" time="1.719">
    <system-out><![CDATA[HTTP/1.1 200 OK
Date: Mon, 24 Mar 2025 09:34:48 GMT
Content-Type: application/json
Transfer-Encoding: chunked
Connection: keep-alive
Access-Control-Allow-Origin: *
Access-Control-Allow-Methods: GET, POST, DELETE, PUT
Access-Control-Allow-Headers: Content-Type, api_key, Authorization
Server: Jetty(9.2.9.v20150224)

{
    "id": 8205,
    "category": {
        "id": 58,
        "name": "hornet"
    },
    "name": "Missy",
    "photoUrls": [
        "www.trey-hyatt.com"
    ],
    "tags": [
        {
            "id": 4,
            "name": "tan"
        }
    ],
    "status": "available"
}
]]></system-out>
  </testcase>
  <testcase name="testPostPetsUpload" classname="api.test.PetsTest" time="1.733">
    <system-out><![CDATA[Uploading image for Pet ID: 8205
HTTP/1.1 200 OK
Date: Mon, 24 Mar 2025 09:34:50 GMT
Content-Type: application/json
Transfer-Encoding: chunked
Connection: keep-alive
Access-Control-Allow-Origin: *
Access-Control-Allow-Methods: GET, POST, DELETE, PUT
Access-Control-Allow-Headers: Content-Type, api_key, Authorization
Server: Jetty(9.2.9.v20150224)

{
    "code": 200,
    "type": "unknown",
    "message": "additionalMetadata: null\nFile uploaded to ./dog1.jpeg, 4793 bytes"
}
]]></system-out>
  </testcase>
  <testcase name="testputPets" classname="api.test.PetsTest" time="1.721">
    <system-out><![CDATA[HTTP/1.1 200 OK
Date: Mon, 24 Mar 2025 09:34:51 GMT
Content-Type: application/json
Transfer-Encoding: chunked
Connection: keep-alive
Access-Control-Allow-Origin: *
Access-Control-Allow-Methods: GET, POST, DELETE, PUT
Access-Control-Allow-Headers: Content-Type, api_key, Authorization
Server: Jetty(9.2.9.v20150224)

{
    "id": 8205,
    "category": {
        "id": 58,
        "name": "hornet"
    },
    "name": "Missy",
    "photoUrls": [
        "www.trey-hyatt.com"
    ],
    "tags": [
        {
            "id": 4,
            "name": "tan"
        }
    ],
    "status": "available"
}
]]></system-out>
  </testcase>
  <testcase name="getpetstatus" classname="api.test.PetsTest" time="1.721">
    <system-out><![CDATA[HTTP/1.1 200 OK
Date: Mon, 24 Mar 2025 09:34:53 GMT
Content-Type: application/json
Transfer-Encoding: chunked
Connection: keep-alive
Access-Control-Allow-Origin: *
Access-Control-Allow-Methods: GET, POST, DELETE, PUT
Access-Control-Allow-Headers: Content-Type, api_key, Authorization
Server: Jetty(9.2.9.v20150224)

[
    
]
]]></system-out>
  </testcase>
  <testcase name="testGetpetByPetID" classname="api.test.PetsTest" time="2.221">
    <system-out><![CDATA[HTTP/1.1 200 OK
Date: Mon, 24 Mar 2025 09:34:55 GMT
Content-Type: application/json
Transfer-Encoding: chunked
Connection: keep-alive
Access-Control-Allow-Origin: *
Access-Control-Allow-Methods: GET, POST, DELETE, PUT
Access-Control-Allow-Headers: Content-Type, api_key, Authorization
Server: Jetty(9.2.9.v20150224)

{
    "id": 8205,
    "category": {
        "id": 58,
        "name": "hornet"
    },
    "name": "Missy",
    "photoUrls": [
        "www.trey-hyatt.com"
    ],
    "tags": [
        {
            "id": 4,
            "name": "tan"
        }
    ],
    "status": "available"
}
]]></system-out>
  </testcase>
  <testcase name="deleteOrderById" classname="api.test.PetsTest" time="1.658">
    <system-out><![CDATA[print get is-delete order:8205
HTTP/1.1 200 OK
Date: Mon, 24 Mar 2025 09:34:57 GMT
Content-Type: application/json
Transfer-Encoding: chunked
Connection: keep-alive
Access-Control-Allow-Origin: *
Access-Control-Allow-Methods: GET, POST, DELETE, PUT
Access-Control-Allow-Headers: Content-Type, api_key, Authorization
Server: Jetty(9.2.9.v20150224)

{
    "code": 200,
    "type": "unknown",
    "message": "8205"
}
]]></system-out>
  </testcase>
</testsuite>