<?xml version="1.0" encoding="UTF-8"?>
<!-- Generated by org.testng.reporters.JUnitXMLReporter -->
<testsuite ignored="0" hostname="LAPTOP-ELHI772V" failures="0" tests="4" name="PetTest" time="9.452" errors="0" timestamp="2025-02-24T11:46:28 IST">
  <testcase classname="api.test.UserTests2" name="testPostUser" time="3.46"/>
  <testcase classname="api.test.UserTests2" name="testGetUserByName" time="1.163"/>
  <testcase classname="api.test.UserTests2" name="testUpdateUserByName" time="2.294"/>
  <testcase classname="api.test.UserTests2" name="testDeleteUserByName" time="1.126"/>
</testsuite> <!-- PetTest -->
