<?xml version="1.0" encoding="UTF-8"?>
<!-- Generated by org.testng.reporters.JUnitXMLReporter -->
<testsuite ignored="0" hostname="LAPTOP-ELHI772V" failures="0" tests="8" name="PetTest" time="13.249" errors="0" timestamp="2025-02-25T12:20:06 IST">
  <testcase classname="api.test.UserTests2" name="testPostUser" time="3.218"/>
  <testcase classname="api.test.UserTests2" name="testGetUserByName" time="1.165"/>
  <testcase classname="api.test.UserTests2" name="testUpdateUserByName" time="2.382"/>
  <testcase classname="api.test.UserTests2" name="testDeleteUserByName" time="1.127"/>
  <testcase classname="api.test.StoreTest" name="testGetUserByName" time="1.14"/>
  <testcase classname="api.test.StoreTest" name="testPostUser" time="1.2"/>
  <testcase classname="api.test.StoreTest" name="testGetUserByOrderID" time="1.169"/>
  <testcase classname="api.test.StoreTest" name="deleteOrderById" time="1.16"/>
</testsuite> <!-- PetTest -->
