<?xml version="1.0" encoding="UTF-8"?>
<testng-results ignored="0" total="4" passed="4" failed="0" skipped="0">
  <reporter-output>
  </reporter-output>
  <suite started-at="2025-02-21T12:08:56 IST" name="PetSuit" finished-at="2025-02-21T12:09:07 IST" duration-ms="10868">
    <groups>
    </groups>
    <test started-at="2025-02-21T12:08:56 IST" name="PetTest" finished-at="2025-02-21T12:09:07 IST" duration-ms="10868">
      <class name="api.test.UserTests2">
        <test-method is-config="true" signature="setup()[pri:0, instance:api.test.UserTests2@1283bb96]" started-at="2025-02-21T12:08:57 IST" name="setup" finished-at="2025-02-21T12:08:58 IST" duration-ms="1165" status="PASS">
          <reporter-output>
          </reporter-output>
        </test-method> <!-- setup -->
        <test-method signature="testPostUser()[pri:1, instance:api.test.UserTests2@1283bb96]" started-at="2025-02-21T12:08:58 IST" name="testPostUser" finished-at="2025-02-21T12:09:02 IST" duration-ms="3692" status="PASS">
          <reporter-output>
          </reporter-output>
        </test-method> <!-- testPostUser -->
        <test-method signature="testGetUserByName()[pri:2, instance:api.test.UserTests2@1283bb96]" started-at="2025-02-21T12:09:02 IST" name="testGetUserByName" finished-at="2025-02-21T12:09:03 IST" duration-ms="1378" status="PASS">
          <reporter-output>
          </reporter-output>
        </test-method> <!-- testGetUserByName -->
        <test-method signature="testUpdateUserByName()[pri:3, instance:api.test.UserTests2@1283bb96]" started-at="2025-02-21T12:09:03 IST" name="testUpdateUserByName" finished-at="2025-02-21T12:09:06 IST" duration-ms="2731" status="PASS">
          <reporter-output>
          </reporter-output>
        </test-method> <!-- testUpdateUserByName -->
        <test-method signature="testDeleteUserByName()[pri:4, instance:api.test.UserTests2@1283bb96]" started-at="2025-02-21T12:09:06 IST" name="testDeleteUserByName" finished-at="2025-02-21T12:09:07 IST" duration-ms="1352" status="PASS">
          <reporter-output>
          </reporter-output>
        </test-method> <!-- testDeleteUserByName -->
      </class> <!-- api.test.UserTests2 -->
    </test> <!-- PetTest -->
  </suite> <!-- PetSuit -->
</testng-results>
