<?xml version="1.0" encoding="UTF-8"?>
<testng-results ignored="0" total="4" passed="4" failed="0" skipped="0">
  <reporter-output>
  </reporter-output>
  <suite started-at="2025-02-25T10:28:54 IST" name="Default suite" finished-at="2025-02-25T10:29:02 IST" duration-ms="7941">
    <groups>
    </groups>
    <test started-at="2025-02-25T10:28:54 IST" name="Default test" finished-at="2025-02-25T10:29:02 IST" duration-ms="7941">
      <class name="api.test.StoreTest">
        <test-method is-config="true" signature="setup()[pri:0, instance:api.test.StoreTest@42a48628]" started-at="2025-02-25T10:28:54 IST" name="setup" finished-at="2025-02-25T10:28:55 IST" duration-ms="520" status="PASS">
          <reporter-output>
          </reporter-output>
        </test-method> <!-- setup -->
        <test-method signature="testGetUserByName()[pri:1, instance:api.test.StoreTest@42a48628]" started-at="2025-02-25T10:28:55 IST" name="testGetUserByName" finished-at="2025-02-25T10:28:58 IST" duration-ms="3499" status="PASS">
          <reporter-output>
          </reporter-output>
        </test-method> <!-- testGetUserByName -->
        <test-method signature="testPostUser()[pri:2, instance:api.test.StoreTest@42a48628]" started-at="2025-02-25T10:28:58 IST" name="testPostUser" finished-at="2025-02-25T10:29:00 IST" duration-ms="1483" status="PASS">
          <reporter-output>
          </reporter-output>
        </test-method> <!-- testPostUser -->
        <test-method signature="testGetUserByOrderID()[pri:3, instance:api.test.StoreTest@42a48628]" started-at="2025-02-25T10:29:00 IST" name="testGetUserByOrderID" finished-at="2025-02-25T10:29:01 IST" duration-ms="1248" status="PASS">
          <reporter-output>
          </reporter-output>
        </test-method> <!-- testGetUserByOrderID -->
        <test-method signature="deleteOrderById()[pri:4, instance:api.test.StoreTest@42a48628]" started-at="2025-02-25T10:29:01 IST" name="deleteOrderById" finished-at="2025-02-25T10:29:02 IST" duration-ms="1150" status="PASS">
          <reporter-output>
          </reporter-output>
        </test-method> <!-- deleteOrderById -->
      </class> <!-- api.test.StoreTest -->
    </test> <!-- Default test -->
  </suite> <!-- Default suite -->
</testng-results>
